<?xml version="1.0" encoding="UTF-8"?>
<testng-results skipped="0" failed="0" ignored="0" total="1" passed="1">
  <reporter-output>
  </reporter-output>
  <suite name="Default suite" duration-ms="13457" started-at="2019-10-24T12:01:10Z" finished-at="2019-10-24T12:01:23Z">
    <groups>
    </groups>
    <test name="Default test" duration-ms="13457" started-at="2019-10-24T12:01:10Z" finished-at="2019-10-24T12:01:23Z">
      <class name="com.testcase.Login">
        <test-method status="PASS" signature="startapllication()[pri:0, instance:com.testcase.Login@4501b7af]" name="startapllication" duration-ms="13440" started-at="2019-10-24T17:31:10Z" finished-at="2019-10-24T17:31:23Z">
          <reporter-output>
          </reporter-output>
        </test-method> <!-- startapllication -->
      </class> <!-- com.testcase.Login -->
    </test> <!-- Default test -->
  </suite> <!-- Default suite -->
</testng-results>
